<?xml version="1.0" encoding="UTF-8"?>
<robot generator="Robot 6.0.2 (Python 3.11.3 on win32)" generated="20230418 15:52:16.623" rpa="false" schemaversion="3">
<suite id="s1" name="FirstTest" source="C:\Users\ib\Desktop\dev\ProjetRobotFramework\FirstTest.robot">
<test id="s1-t1" name="Test de connexion OK" line="8">
<kw name="connexion">
<arg>standard_user</arg>
<arg>secret_sauce</arg>
<kw name="Open Browser" library="SeleniumLibrary">
<arg>${monURL}</arg>
<arg>chrome</arg>
<doc>Opens a new browser instance to the optional ``url``.</doc>
<msg timestamp="20230418 15:52:16.812" level="INFO">Opening browser 'chrome' to base url 'https://www.saucedemo.com/'.</msg>
<status status="PASS" starttime="20230418 15:52:16.812" endtime="20230418 15:52:18.377"/>
</kw>
<kw name="Input Text" library="SeleniumLibrary">
<arg>id:user-name</arg>
<arg>${username}</arg>
<doc>Types the given ``text`` into the text field identified by ``locator``.</doc>
<msg timestamp="20230418 15:52:18.378" level="INFO">Typing text 'standard_user' into text field 'id:user-name'.</msg>
<status status="PASS" starttime="20230418 15:52:18.377" endtime="20230418 15:52:18.464"/>
</kw>
<kw name="Input Password" library="SeleniumLibrary">
<arg>id:password</arg>
<arg>${password}</arg>
<doc>Types the given password into the text field identified by ``locator``.</doc>
<msg timestamp="20230418 15:52:18.466" level="INFO">Typing password into text field 'id:password'.</msg>
<msg timestamp="20230418 15:52:18.499" level="INFO">Temporally setting log level to: NONE</msg>
<msg timestamp="20230418 15:52:18.541" level="INFO">Log level changed from NONE to INFO.</msg>
<status status="PASS" starttime="20230418 15:52:18.464" endtime="20230418 15:52:18.541"/>
</kw>
<kw name="Click Button" library="SeleniumLibrary">
<arg>id:login-button</arg>
<doc>Clicks the button identified by ``locator``.</doc>
<msg timestamp="20230418 15:52:18.541" level="INFO">Clicking button 'id:login-button'.</msg>
<status status="PASS" starttime="20230418 15:52:18.541" endtime="20230418 15:52:18.622"/>
</kw>
<status status="PASS" starttime="20230418 15:52:16.811" endtime="20230418 15:52:18.622"/>
</kw>
<kw name="Vérifier l'affichage de la page Product">
<kw name="Page Should Contain Element" library="SeleniumLibrary">
<arg>xpath://span[contains(text(),'Products')]</arg>
<doc>Verifies that element ``locator`` is found on the current page.</doc>
<msg timestamp="20230418 15:52:18.639" level="INFO">Current page contains element 'xpath://span[contains(text(),'Products')]'.</msg>
<status status="PASS" starttime="20230418 15:52:18.623" endtime="20230418 15:52:18.639"/>
</kw>
<status status="PASS" starttime="20230418 15:52:18.622" endtime="20230418 15:52:18.639"/>
</kw>
<status status="PASS" starttime="20230418 15:52:16.811" endtime="20230418 15:52:18.639"/>
</test>
<test id="s1-t2" name="Test de connexion utilisateur bloqué" line="12">
<kw name="connexion">
<arg>locked_out_user</arg>
<arg>secret_sauce</arg>
<kw name="Open Browser" library="SeleniumLibrary">
<arg>${monURL}</arg>
<arg>chrome</arg>
<doc>Opens a new browser instance to the optional ``url``.</doc>
<msg timestamp="20230418 15:52:18.641" level="INFO">Opening browser 'chrome' to base url 'https://www.saucedemo.com/'.</msg>
<status status="PASS" starttime="20230418 15:52:18.641" endtime="20230418 15:52:20.000"/>
</kw>
<kw name="Input Text" library="SeleniumLibrary">
<arg>id:user-name</arg>
<arg>${username}</arg>
<doc>Types the given ``text`` into the text field identified by ``locator``.</doc>
<msg timestamp="20230418 15:52:20.000" level="INFO">Typing text 'locked_out_user' into text field 'id:user-name'.</msg>
<status status="PASS" starttime="20230418 15:52:20.000" endtime="20230418 15:52:20.082"/>
</kw>
<kw name="Input Password" library="SeleniumLibrary">
<arg>id:password</arg>
<arg>${password}</arg>
<doc>Types the given password into the text field identified by ``locator``.</doc>
<msg timestamp="20230418 15:52:20.082" level="INFO">Typing password into text field 'id:password'.</msg>
<msg timestamp="20230418 15:52:20.116" level="INFO">Temporally setting log level to: NONE</msg>
<msg timestamp="20230418 15:52:20.155" level="INFO">Log level changed from NONE to INFO.</msg>
<status status="PASS" starttime="20230418 15:52:20.082" endtime="20230418 15:52:20.155"/>
</kw>
<kw name="Click Button" library="SeleniumLibrary">
<arg>id:login-button</arg>
<doc>Clicks the button identified by ``locator``.</doc>
<msg timestamp="20230418 15:52:20.155" level="INFO">Clicking button 'id:login-button'.</msg>
<status status="PASS" starttime="20230418 15:52:20.155" endtime="20230418 15:52:20.204"/>
</kw>
<status status="PASS" starttime="20230418 15:52:18.641" endtime="20230418 15:52:20.204"/>
</kw>
<kw name="Page Should Contain" library="SeleniumLibrary">
<arg>Epic sadface: Sorry, this user has been locked out.</arg>
<doc>Verifies that current page contains ``text``.</doc>
<msg timestamp="20230418 15:52:20.215" level="INFO">Current page contains text 'Epic sadface: Sorry, this user has been locked out.'.</msg>
<status status="PASS" starttime="20230418 15:52:20.205" endtime="20230418 15:52:20.216"/>
</kw>
<status status="PASS" starttime="20230418 15:52:18.640" endtime="20230418 15:52:20.216"/>
</test>
<test id="s1-t3" name="Test connexion identifiant invalid" line="18">
<kw name="connexion">
<arg>wafaa</arg>
<arg>secret_sauce</arg>
<kw name="Open Browser" library="SeleniumLibrary">
<arg>${monURL}</arg>
<arg>chrome</arg>
<doc>Opens a new browser instance to the optional ``url``.</doc>
<msg timestamp="20230418 15:52:20.219" level="INFO">Opening browser 'chrome' to base url 'https://www.saucedemo.com/'.</msg>
<status status="PASS" starttime="20230418 15:52:20.219" endtime="20230418 15:52:21.491"/>
</kw>
<kw name="Input Text" library="SeleniumLibrary">
<arg>id:user-name</arg>
<arg>${username}</arg>
<doc>Types the given ``text`` into the text field identified by ``locator``.</doc>
<msg timestamp="20230418 15:52:21.492" level="INFO">Typing text 'wafaa' into text field 'id:user-name'.</msg>
<status status="PASS" starttime="20230418 15:52:21.491" endtime="20230418 15:52:21.567"/>
</kw>
<kw name="Input Password" library="SeleniumLibrary">
<arg>id:password</arg>
<arg>${password}</arg>
<doc>Types the given password into the text field identified by ``locator``.</doc>
<msg timestamp="20230418 15:52:21.567" level="INFO">Typing password into text field 'id:password'.</msg>
<msg timestamp="20230418 15:52:21.598" level="INFO">Temporally setting log level to: NONE</msg>
<msg timestamp="20230418 15:52:21.646" level="INFO">Log level changed from NONE to INFO.</msg>
<status status="PASS" starttime="20230418 15:52:21.567" endtime="20230418 15:52:21.646"/>
</kw>
<kw name="Click Button" library="SeleniumLibrary">
<arg>id:login-button</arg>
<doc>Clicks the button identified by ``locator``.</doc>
<msg timestamp="20230418 15:52:21.646" level="INFO">Clicking button 'id:login-button'.</msg>
<status status="PASS" starttime="20230418 15:52:21.646" endtime="20230418 15:52:21.693"/>
</kw>
<status status="PASS" starttime="20230418 15:52:20.218" endtime="20230418 15:52:21.693"/>
</kw>
<kw name="Page Should Contain" library="SeleniumLibrary">
<arg>Epic sadface: Username and password do not match any user in this service</arg>
<doc>Verifies that current page contains ``text``.</doc>
<msg timestamp="20230418 15:52:21.704" level="INFO">Current page contains text 'Epic sadface: Username and password do not match any user in this service'.</msg>
<status status="PASS" starttime="20230418 15:52:21.693" endtime="20230418 15:52:21.704"/>
</kw>
<status status="PASS" starttime="20230418 15:52:20.218" endtime="20230418 15:52:21.704"/>
</test>
<test id="s1-t4" name="Selectionner un produit" line="22">
<kw name="connexion">
<arg>standard_user</arg>
<arg>secret_sauce</arg>
<kw name="Open Browser" library="SeleniumLibrary">
<arg>${monURL}</arg>
<arg>chrome</arg>
<doc>Opens a new browser instance to the optional ``url``.</doc>
<msg timestamp="20230418 15:52:21.706" level="INFO">Opening browser 'chrome' to base url 'https://www.saucedemo.com/'.</msg>
<status status="PASS" starttime="20230418 15:52:21.706" endtime="20230418 15:52:23.028"/>
</kw>
<kw name="Input Text" library="SeleniumLibrary">
<arg>id:user-name</arg>
<arg>${username}</arg>
<doc>Types the given ``text`` into the text field identified by ``locator``.</doc>
<msg timestamp="20230418 15:52:23.028" level="INFO">Typing text 'standard_user' into text field 'id:user-name'.</msg>
<status status="PASS" starttime="20230418 15:52:23.028" endtime="20230418 15:52:23.110"/>
</kw>
<kw name="Input Password" library="SeleniumLibrary">
<arg>id:password</arg>
<arg>${password}</arg>
<doc>Types the given password into the text field identified by ``locator``.</doc>
<msg timestamp="20230418 15:52:23.111" level="INFO">Typing password into text field 'id:password'.</msg>
<msg timestamp="20230418 15:52:23.147" level="INFO">Temporally setting log level to: NONE</msg>
<msg timestamp="20230418 15:52:23.186" level="INFO">Log level changed from NONE to INFO.</msg>
<status status="PASS" starttime="20230418 15:52:23.111" endtime="20230418 15:52:23.186"/>
</kw>
<kw name="Click Button" library="SeleniumLibrary">
<arg>id:login-button</arg>
<doc>Clicks the button identified by ``locator``.</doc>
<msg timestamp="20230418 15:52:23.186" level="INFO">Clicking button 'id:login-button'.</msg>
<status status="PASS" starttime="20230418 15:52:23.186" endtime="20230418 15:52:23.294"/>
</kw>
<status status="PASS" starttime="20230418 15:52:21.705" endtime="20230418 15:52:23.294"/>
</kw>
<kw name="Click Button" library="SeleniumLibrary">
<arg>id:add-to-cart-sauce-labs-backpack</arg>
<doc>Clicks the button identified by ``locator``.</doc>
<msg timestamp="20230418 15:52:23.295" level="INFO">Clicking button 'id:add-to-cart-sauce-labs-backpack'.</msg>
<status status="PASS" starttime="20230418 15:52:23.294" endtime="20230418 15:52:23.370"/>
</kw>
<status status="PASS" starttime="20230418 15:52:21.705" endtime="20230418 15:52:23.371"/>
</test>
<test id="s1-t5" name="Selectionner le panier" line="26">
<kw name="connexion">
<arg>standard_user</arg>
<arg>secret_sauce</arg>
<kw name="Open Browser" library="SeleniumLibrary">
<arg>${monURL}</arg>
<arg>chrome</arg>
<doc>Opens a new browser instance to the optional ``url``.</doc>
<msg timestamp="20230418 15:52:23.375" level="INFO">Opening browser 'chrome' to base url 'https://www.saucedemo.com/'.</msg>
<status status="PASS" starttime="20230418 15:52:23.375" endtime="20230418 15:52:24.690"/>
</kw>
<kw name="Input Text" library="SeleniumLibrary">
<arg>id:user-name</arg>
<arg>${username}</arg>
<doc>Types the given ``text`` into the text field identified by ``locator``.</doc>
<msg timestamp="20230418 15:52:24.691" level="INFO">Typing text 'standard_user' into text field 'id:user-name'.</msg>
<status status="PASS" starttime="20230418 15:52:24.690" endtime="20230418 15:52:24.781"/>
</kw>
<kw name="Input Password" library="SeleniumLibrary">
<arg>id:password</arg>
<arg>${password}</arg>
<doc>Types the given password into the text field identified by ``locator``.</doc>
<msg timestamp="20230418 15:52:24.782" level="INFO">Typing password into text field 'id:password'.</msg>
<msg timestamp="20230418 15:52:24.822" level="INFO">Temporally setting log level to: NONE</msg>
<msg timestamp="20230418 15:52:24.867" level="INFO">Log level changed from NONE to INFO.</msg>
<status status="PASS" starttime="20230418 15:52:24.782" endtime="20230418 15:52:24.867"/>
</kw>
<kw name="Click Button" library="SeleniumLibrary">
<arg>id:login-button</arg>
<doc>Clicks the button identified by ``locator``.</doc>
<msg timestamp="20230418 15:52:24.867" level="INFO">Clicking button 'id:login-button'.</msg>
<status status="PASS" starttime="20230418 15:52:24.867" endtime="20230418 15:52:24.961"/>
</kw>
<status status="PASS" starttime="20230418 15:52:23.374" endtime="20230418 15:52:24.961"/>
</kw>
<kw name="Click Button" library="SeleniumLibrary">
<arg>id:add-to-cart-sauce-labs-backpack</arg>
<doc>Clicks the button identified by ``locator``.</doc>
<msg timestamp="20230418 15:52:24.962" level="INFO">Clicking button 'id:add-to-cart-sauce-labs-backpack'.</msg>
<status status="PASS" starttime="20230418 15:52:24.961" endtime="20230418 15:52:25.022"/>
</kw>
<kw name="Click Link" library="SeleniumLibrary">
<arg>class:shopping_cart_link</arg>
<doc>Clicks a link identified by ``locator``.</doc>
<msg timestamp="20230418 15:52:25.023" level="INFO">Clicking link 'class:shopping_cart_link'.</msg>
<status status="PASS" starttime="20230418 15:52:25.023" endtime="20230418 15:52:25.068"/>
</kw>
<status status="PASS" starttime="20230418 15:52:23.373" endtime="20230418 15:52:25.069"/>
</test>
<status status="PASS" starttime="20230418 15:52:16.624" endtime="20230418 15:52:25.070"/>
</suite>
<statistics>
<total>
<stat pass="5" fail="0" skip="0">All Tests</stat>
</total>
<tag>
</tag>
<suite>
<stat pass="5" fail="0" skip="0" id="s1" name="FirstTest">FirstTest</stat>
</suite>
</statistics>
<errors>
</errors>
</robot>
